<?xml version="1.0" encoding="UTF-8"?>
<testsuite name="net.gll.test.gll.test.TestRunner" time="29.929" tests="138" errors="4" skipped="6" failures="0">
  <properties>
[...]
</properties>
  <testcase name="Given user direct to the site" classname="| GL621185 | T@stpw120 | Welcome! THARA VIJI |" time="0.001"/>
  <testcase name="When user click on Login or Register button" classname="| GL621185 | T@stpw120 | Welcome! THARA VIJI |" time="0"/>
  <testcase name="And user enter a valid ID or email &quot;GL621185&quot;" classname="| GL621185 | T@stpw120 | Welcome! THARA VIJI |" time="0"/>
  <testcase name="And user enter a password &quot;T@stpw120&quot;" classname="| GL621185 | T@stpw120 | Welcome! THARA VIJI |" time="0"/>
  <testcase name="Then user click on login button" classname="| GL621185 | T@stpw120 | Welcome! THARA VIJI |" time="0"/>
  <testcase name="Then Validate the Auto Login &quot;Welcome! THARA VIJI&quot;" classname="| GL621185 | T@stpw120 | Welcome! THARA VIJI |" time="0"/>
  <testcase name="| GL621185 | T@stpw120 | Welcome! THARA VIJI |" classname="| GL621185 | T@stpw120 | Welcome! THARA VIJI |" time="6.356"/>
  <testcase name="Given user direct to the site" classname="| GC020046 | T@stpw120 | Welcome! THARA RETAIL |" time="0"/>
  <testcase name="When user click on Login or Register button" classname="| GC020046 | T@stpw120 | Welcome! THARA RETAIL |" time="0"/>
  <testcase name="And user enter a valid ID or email &quot;GC020046&quot;" classname="| GC020046 | T@stpw120 | Welcome! THARA RETAIL |" time="0"/>
  <testcase name="And user enter a password &quot;T@stpw120&quot;" classname="| GC020046 | T@stpw120 | Welcome! THARA RETAIL |" time="0"/>
  <testcase name="Then user click on login button" classname="| GC020046 | T@stpw120 | Welcome! THARA RETAIL |" time="0"/>
  <testcase name="Then Validate the Auto Login &quot;Welcome! THARA RETAIL&quot;" classname="| GC020046 | T@stpw120 | Welcome! THARA RETAIL |" time="0"/>
  <testcase name="| GC020046 | T@stpw120 | Welcome! THARA RETAIL |" classname="| GC020046 | T@stpw120 | Welcome! THARA RETAIL |" time="5.708"/>
  <testcase name="Given user direct to the site" classname="| GL621185 | Individual | Mr | test | vikas | 1988 | 05 | 12 | English | 94778186251 | Test@135 | Test@135 | test | test | 0000 | MBSL - Savings Bank | Galle | 1596325874 | TESTLKR0000131 | PRDECT | Welcome! TEST VIKAS | anidu@vikas.lk |" time="0"/>
  <testcase name="When user click on Login or Register button" classname="| GL621185 | Individual | Mr | test | vikas | 1988 | 05 | 12 | English | 94778186251 | Test@135 | Test@135 | test | test | 0000 | MBSL - Savings Bank | Galle | 1596325874 | TESTLKR0000131 | PRDECT | Welcome! TEST VIKAS | anidu@vikas.lk |" time="0"/>
  <testcase name="And user click on become a Bus Asso" classname="| GL621185 | Individual | Mr | test | vikas | 1988 | 05 | 12 | English | 94778186251 | Test@135 | Test@135 | test | test | 0000 | MBSL - Savings Bank | Galle | 1596325874 | TESTLKR0000131 | PRDECT | Welcome! TEST VIKAS | anidu@vikas.lk |" time="0"/>
  <testcase name="And user select registration type &quot;Individual&quot;" classname="| GL621185 | Individual | Mr | test | vikas | 1988 | 05 | 12 | English | 94778186251 | Test@135 | Test@135 | test | test | 0000 | MBSL - Savings Bank | Galle | 1596325874 | TESTLKR0000131 | PRDECT | Welcome! TEST VIKAS | anidu@vikas.lk |" time="0"/>
  <testcase name="And user enter referrer ir id &quot;GL621185&quot;" classname="| GL621185 | Individual | Mr | test | vikas | 1988 | 05 | 12 | English | 94778186251 | Test@135 | Test@135 | test | test | 0000 | MBSL - Savings Bank | Galle | 1596325874 | TESTLKR0000131 | PRDECT | Welcome! TEST VIKAS | anidu@vikas.lk |" time="0"/>
  <testcase name="And user enter name &quot;Mr&quot; &quot;test&quot; &quot;vikas&quot;" classname="| GL621185 | Individual | Mr | test | vikas | 1988 | 05 | 12 | English | 94778186251 | Test@135 | Test@135 | test | test | 0000 | MBSL - Savings Bank | Galle | 1596325874 | TESTLKR0000131 | PRDECT | Welcome! TEST VIKAS | anidu@vikas.lk |" time="0"/>
  <testcase name="And user select date of birth &quot;1988&quot; &quot;05&quot; &quot;12&quot;" classname="| GL621185 | Individual | Mr | test | vikas | 1988 | 05 | 12 | English | 94778186251 | Test@135 | Test@135 | test | test | 0000 | MBSL - Savings Bank | Galle | 1596325874 | TESTLKR0000131 | PRDECT | Welcome! TEST VIKAS | anidu@vikas.lk |" time="0"/>
  <testcase name="And user select language &quot;English&quot;" classname="| GL621185 | Individual | Mr | test | vikas | 1988 | 05 | 12 | English | 94778186251 | Test@135 | Test@135 | test | test | 0000 | MBSL - Savings Bank | Galle | 1596325874 | TESTLKR0000131 | PRDECT | Welcome! TEST VIKAS | anidu@vikas.lk |" time="0"/>
  <testcase name="And user enter mobile phone no &quot;94778186251&quot;" classname="| GL621185 | Individual | Mr | test | vikas | 1988 | 05 | 12 | English | 94778186251 | Test@135 | Test@135 | test | test | 0000 | MBSL - Savings Bank | Galle | 1596325874 | TESTLKR0000131 | PRDECT | Welcome! TEST VIKAS | anidu@vikas.lk |" time="0"/>
  <testcase name="And user enter PWD &quot;Test@135&quot; &quot;Test@135&quot;" classname="| GL621185 | Individual | Mr | test | vikas | 1988 | 05 | 12 | English | 94778186251 | Test@135 | Test@135 | test | test | 0000 | MBSL - Savings Bank | Galle | 1596325874 | TESTLKR0000131 | PRDECT | Welcome! TEST VIKAS | anidu@vikas.lk |" time="0"/>
  <testcase name="And user enter Address &quot;test&quot; &quot;test&quot; &quot;0000&quot;" classname="| GL621185 | Individual | Mr | test | vikas | 1988 | 05 | 12 | English | 94778186251 | Test@135 | Test@135 | test | test | 0000 | MBSL - Savings Bank | Galle | 1596325874 | TESTLKR0000131 | PRDECT | Welcome! TEST VIKAS | anidu@vikas.lk |" time="0"/>
  <testcase name="And user enter bank details &quot;MBSL - Savings Bank&quot; &quot;Galle&quot; &quot;1596325874&quot; &quot;anidu@vikas.lk&quot;" classname="| GL621185 | Individual | Mr | test | vikas | 1988 | 05 | 12 | English | 94778186251 | Test@135 | Test@135 | test | test | 0000 | MBSL - Savings Bank | Galle | 1596325874 | TESTLKR0000131 | PRDECT | Welcome! TEST VIKAS | anidu@vikas.lk |" time="0"/>
  <testcase name="Then Accept terms" classname="| GL621185 | Individual | Mr | test | vikas | 1988 | 05 | 12 | English | 94778186251 | Test@135 | Test@135 | test | test | 0000 | MBSL - Savings Bank | Galle | 1596325874 | TESTLKR0000131 | PRDECT | Welcome! TEST VIKAS | anidu@vikas.lk |" time="0"/>
  <testcase name="And Enter ecard details and validate &quot;TESTLKR0000131&quot; &quot;PRDECT&quot;" classname="| GL621185 | Individual | Mr | test | vikas | 1988 | 05 | 12 | English | 94778186251 | Test@135 | Test@135 | test | test | 0000 | MBSL - Savings Bank | Galle | 1596325874 | TESTLKR0000131 | PRDECT | Welcome! TEST VIKAS | anidu@vikas.lk |" time="0"/>
  <testcase name="And Click on confirm button" classname="| GL621185 | Individual | Mr | test | vikas | 1988 | 05 | 12 | English | 94778186251 | Test@135 | Test@135 | test | test | 0000 | MBSL - Savings Bank | Galle | 1596325874 | TESTLKR0000131 | PRDECT | Welcome! TEST VIKAS | anidu@vikas.lk |" time="0"/>
  <testcase name="Then Validate the Auto Login &quot;Welcome! TEST VIKAS&quot;" classname="| GL621185 | Individual | Mr | test | vikas | 1988 | 05 | 12 | English | 94778186251 | Test@135 | Test@135 | test | test | 0000 | MBSL - Savings Bank | Galle | 1596325874 | TESTLKR0000131 | PRDECT | Welcome! TEST VIKAS | anidu@vikas.lk |" time="0"/>
  <testcase name="| GL621185 | Individual | Mr | test | vikas | 1988 | 05 | 12 | English | 94778186251 | Test@135 | Test@135 | test | test | 0000 | MBSL - Savings Bank | Galle | 1596325874 | TESTLKR0000131 | PRDECT | Welcome! TEST VIKAS | anidu@vikas.lk |" classname="| GL621185 | Individual | Mr | test | vikas | 1988 | 05 | 12 | English | 94778186251 | Test@135 | Test@135 | test | test | 0000 | MBSL - Savings Bank | Galle | 1596325874 | TESTLKR0000131 | PRDECT | Welcome! TEST VIKAS | anidu@vikas.lk |" time="3.588"/>
  <testcase name="Given user direct to the site" classname="| GL621185 | Company | Test Company | test | test | English | 94775841725 | Test@135 | Test@135 | test | test | 0000 | MBSL - Savings Bank | Galle | 1596325874 | TESTLKR0000132 | PRDECT | Welcome! TEST COMPANY | osura@vikas.lk |" time="0"/>
  <testcase name="When user click on Login or Register button" classname="| GL621185 | Company | Test Company | test | test | English | 94775841725 | Test@135 | Test@135 | test | test | 0000 | MBSL - Savings Bank | Galle | 1596325874 | TESTLKR0000132 | PRDECT | Welcome! TEST COMPANY | osura@vikas.lk |" time="0"/>
  <testcase name="And user click on become a Bus Asso" classname="| GL621185 | Company | Test Company | test | test | English | 94775841725 | Test@135 | Test@135 | test | test | 0000 | MBSL - Savings Bank | Galle | 1596325874 | TESTLKR0000132 | PRDECT | Welcome! TEST COMPANY | osura@vikas.lk |" time="0"/>
  <testcase name="And user select registration type &quot;Company&quot;" classname="| GL621185 | Company | Test Company | test | test | English | 94775841725 | Test@135 | Test@135 | test | test | 0000 | MBSL - Savings Bank | Galle | 1596325874 | TESTLKR0000132 | PRDECT | Welcome! TEST COMPANY | osura@vikas.lk |" time="0"/>
  <testcase name="And user enter referrer ir id &quot;GL621185&quot;" classname="| GL621185 | Company | Test Company | test | test | English | 94775841725 | Test@135 | Test@135 | test | test | 0000 | MBSL - Savings Bank | Galle | 1596325874 | TESTLKR0000132 | PRDECT | Welcome! TEST COMPANY | osura@vikas.lk |" time="0"/>
  <testcase name="And user enter conpany details &quot;Test Company&quot; &quot;test&quot; &quot;test&quot;" classname="| GL621185 | Company | Test Company | test | test | English | 94775841725 | Test@135 | Test@135 | test | test | 0000 | MBSL - Savings Bank | Galle | 1596325874 | TESTLKR0000132 | PRDECT | Welcome! TEST COMPANY | osura@vikas.lk |" time="0.002"/>
  <testcase name="And user select language &quot;English&quot;" classname="| GL621185 | Company | Test Company | test | test | English | 94775841725 | Test@135 | Test@135 | test | test | 0000 | MBSL - Savings Bank | Galle | 1596325874 | TESTLKR0000132 | PRDECT | Welcome! TEST COMPANY | osura@vikas.lk |" time="0"/>
  <testcase name="And user enter mobile phone no &quot;94775841725&quot;" classname="| GL621185 | Company | Test Company | test | test | English | 94775841725 | Test@135 | Test@135 | test | test | 0000 | MBSL - Savings Bank | Galle | 1596325874 | TESTLKR0000132 | PRDECT | Welcome! TEST COMPANY | osura@vikas.lk |" time="0"/>
  <testcase name="And user enter PWD &quot;Test@135&quot; &quot;Test@135&quot;" classname="| GL621185 | Company | Test Company | test | test | English | 94775841725 | Test@135 | Test@135 | test | test | 0000 | MBSL - Savings Bank | Galle | 1596325874 | TESTLKR0000132 | PRDECT | Welcome! TEST COMPANY | osura@vikas.lk |" time="0"/>
  <testcase name="And user enter Address &quot;test&quot; &quot;test&quot; &quot;0000&quot;" classname="| GL621185 | Company | Test Company | test | test | English | 94775841725 | Test@135 | Test@135 | test | test | 0000 | MBSL - Savings Bank | Galle | 1596325874 | TESTLKR0000132 | PRDECT | Welcome! TEST COMPANY | osura@vikas.lk |" time="0"/>
  <testcase name="And user enter bank details &quot;MBSL - Savings Bank&quot; &quot;Galle&quot; &quot;1596325874&quot; &quot;osura@vikas.lk&quot;" classname="| GL621185 | Company | Test Company | test | test | English | 94775841725 | Test@135 | Test@135 | test | test | 0000 | MBSL - Savings Bank | Galle | 1596325874 | TESTLKR0000132 | PRDECT | Welcome! TEST COMPANY | osura@vikas.lk |" time="0.015"/>
  <testcase name="Then Accept terms" classname="| GL621185 | Company | Test Company | test | test | English | 94775841725 | Test@135 | Test@135 | test | test | 0000 | MBSL - Savings Bank | Galle | 1596325874 | TESTLKR0000132 | PRDECT | Welcome! TEST COMPANY | osura@vikas.lk |" time="0"/>
  <testcase name="And Enter ecard details and validate two &quot;TESTLKR0000132&quot; &quot;PRDECT&quot;" classname="| GL621185 | Company | Test Company | test | test | English | 94775841725 | Test@135 | Test@135 | test | test | 0000 | MBSL - Savings Bank | Galle | 1596325874 | TESTLKR0000132 | PRDECT | Welcome! TEST COMPANY | osura@vikas.lk |" time="0.006"/>
  <testcase name="And Click on confirm button" classname="| GL621185 | Company | Test Company | test | test | English | 94775841725 | Test@135 | Test@135 | test | test | 0000 | MBSL - Savings Bank | Galle | 1596325874 | TESTLKR0000132 | PRDECT | Welcome! TEST COMPANY | osura@vikas.lk |" time="0"/>
  <testcase name="Then Validate the Auto Login &quot;Welcome! TEST COMPANY&quot;" classname="| GL621185 | Company | Test Company | test | test | English | 94775841725 | Test@135 | Test@135 | test | test | 0000 | MBSL - Savings Bank | Galle | 1596325874 | TESTLKR0000132 | PRDECT | Welcome! TEST COMPANY | osura@vikas.lk |" time="0"/>
  <testcase name="| GL621185 | Company | Test Company | test | test | English | 94775841725 | Test@135 | Test@135 | test | test | 0000 | MBSL - Savings Bank | Galle | 1596325874 | TESTLKR0000132 | PRDECT | Welcome! TEST COMPANY | osura@vikas.lk |" classname="| GL621185 | Company | Test Company | test | test | English | 94775841725 | Test@135 | Test@135 | test | test | 0000 | MBSL - Savings Bank | Galle | 1596325874 | TESTLKR0000132 | PRDECT | Welcome! TEST COMPANY | osura@vikas.lk |" time="3.066"/>
  <testcase name="Given user direct to the site" classname="| GL621185 | Mr | test | vikasRC | 1988 | 05 | 12 | English | 94775877588 | Test@135 | Test@135 | test | test | 0000 | Welcome! TEST VIKASRC | osura2@vikas.lk |" time="0"/>
  <testcase name="When user click on Login or Register button" classname="| GL621185 | Mr | test | vikasRC | 1988 | 05 | 12 | English | 94775877588 | Test@135 | Test@135 | test | test | 0000 | Welcome! TEST VIKASRC | osura2@vikas.lk |" time="0"/>
  <testcase name="And user click on become a Retail Customer" classname="| GL621185 | Mr | test | vikasRC | 1988 | 05 | 12 | English | 94775877588 | Test@135 | Test@135 | test | test | 0000 | Welcome! TEST VIKASRC | osura2@vikas.lk |" time="0"/>
  <testcase name="And user enter referrer ir id &quot;GL621185&quot;" classname="| GL621185 | Mr | test | vikasRC | 1988 | 05 | 12 | English | 94775877588 | Test@135 | Test@135 | test | test | 0000 | Welcome! TEST VIKASRC | osura2@vikas.lk |" time="0"/>
  <testcase name="And user enter name &quot;Mr&quot; &quot;test&quot; &quot;vikasRC&quot;" classname="| GL621185 | Mr | test | vikasRC | 1988 | 05 | 12 | English | 94775877588 | Test@135 | Test@135 | test | test | 0000 | Welcome! TEST VIKASRC | osura2@vikas.lk |" time="0"/>
  <testcase name="And user select date of birth &quot;1988&quot; &quot;05&quot; &quot;12&quot;" classname="| GL621185 | Mr | test | vikasRC | 1988 | 05 | 12 | English | 94775877588 | Test@135 | Test@135 | test | test | 0000 | Welcome! TEST VIKASRC | osura2@vikas.lk |" time="0"/>
  <testcase name="And enter email &quot;osura2@vikas.lk&quot;" classname="| GL621185 | Mr | test | vikasRC | 1988 | 05 | 12 | English | 94775877588 | Test@135 | Test@135 | test | test | 0000 | Welcome! TEST VIKASRC | osura2@vikas.lk |" time="0"/>
  <testcase name="And user select language &quot;English&quot;" classname="| GL621185 | Mr | test | vikasRC | 1988 | 05 | 12 | English | 94775877588 | Test@135 | Test@135 | test | test | 0000 | Welcome! TEST VIKASRC | osura2@vikas.lk |" time="0"/>
  <testcase name="And user enter mobile phone no &quot;94775877588&quot;" classname="| GL621185 | Mr | test | vikasRC | 1988 | 05 | 12 | English | 94775877588 | Test@135 | Test@135 | test | test | 0000 | Welcome! TEST VIKASRC | osura2@vikas.lk |" time="0"/>
  <testcase name="And user enter PWD &quot;Test@135&quot; &quot;Test@135&quot;" classname="| GL621185 | Mr | test | vikasRC | 1988 | 05 | 12 | English | 94775877588 | Test@135 | Test@135 | test | test | 0000 | Welcome! TEST VIKASRC | osura2@vikas.lk |" time="0"/>
  <testcase name="And user enter Address &quot;test&quot; &quot;test&quot; &quot;0000&quot;" classname="| GL621185 | Mr | test | vikasRC | 1988 | 05 | 12 | English | 94775877588 | Test@135 | Test@135 | test | test | 0000 | Welcome! TEST VIKASRC | osura2@vikas.lk |" time="0"/>
  <testcase name="And click continue btn" classname="| GL621185 | Mr | test | vikasRC | 1988 | 05 | 12 | English | 94775877588 | Test@135 | Test@135 | test | test | 0000 | Welcome! TEST VIKASRC | osura2@vikas.lk |" time="0"/>
  <testcase name="Then Accept terms" classname="| GL621185 | Mr | test | vikasRC | 1988 | 05 | 12 | English | 94775877588 | Test@135 | Test@135 | test | test | 0000 | Welcome! TEST VIKASRC | osura2@vikas.lk |" time="0"/>
  <testcase name="Then Validate the Auto Login &quot;Welcome! TEST VIKASRC&quot;" classname="| GL621185 | Mr | test | vikasRC | 1988 | 05 | 12 | English | 94775877588 | Test@135 | Test@135 | test | test | 0000 | Welcome! TEST VIKASRC | osura2@vikas.lk |" time="0"/>
  <testcase name="| GL621185 | Mr | test | vikasRC | 1988 | 05 | 12 | English | 94775877588 | Test@135 | Test@135 | test | test | 0000 | Welcome! TEST VIKASRC | osura2@vikas.lk |" classname="| GL621185 | Mr | test | vikasRC | 1988 | 05 | 12 | English | 94775877588 | Test@135 | Test@135 | test | test | 0000 | Welcome! TEST VIKASRC | osura2@vikas.lk |" time="1.434"/>
  <testcase name="Given user direct to the site" classname="| GL621185 |" time="0"/>
  <testcase name="When user click on Login or Register button" classname="| GL621185 |" time="0"/>
  <testcase name="And user click on forgot pwd" classname="| GL621185 |" time="0"/>
  <testcase name="And user enter customer IR ID &quot;GL621185&quot;" classname="| GL621185 |" time="0"/>
  <testcase name="And click on submit button" classname="| GL621185 |" time="0"/>
  <testcase name="Then Click on countinue button" classname="| GL621185 |" time="0"/>
  <testcase name="And Click on Ok button on popup" classname="| GL621185 |" time="0"/>
  <testcase name="| GL621185 |" classname="| GL621185 |" time="2.235"/>
  <testcase name="Given user direct to the site" classname="| GL617795 | testpw | Global Lifestyle Lanka Head Office | TESTLKR0000134 | PRDECT | Welcome! RUFA | TESTLKR0000133 | PRDECT |" time="0"/>
  <testcase name="When user click on Login or Register button" classname="| GL617795 | testpw | Global Lifestyle Lanka Head Office | TESTLKR0000134 | PRDECT | Welcome! RUFA | TESTLKR0000133 | PRDECT |" time="0"/>
  <testcase name="And user enter valid credentials &quot;GL617795&quot; &quot;testpw&quot;" classname="| GL617795 | testpw | Global Lifestyle Lanka Head Office | TESTLKR0000134 | PRDECT | Welcome! RUFA | TESTLKR0000133 | PRDECT |" time="0"/>
  <testcase name="And user click on products tab" classname="| GL617795 | testpw | Global Lifestyle Lanka Head Office | TESTLKR0000134 | PRDECT | Welcome! RUFA | TESTLKR0000133 | PRDECT |" time="0"/>
  <testcase name="And user click on products link" classname="| GL617795 | testpw | Global Lifestyle Lanka Head Office | TESTLKR0000134 | PRDECT | Welcome! RUFA | TESTLKR0000133 | PRDECT |" time="0"/>
  <testcase name="And user add products to the cart" classname="| GL617795 | testpw | Global Lifestyle Lanka Head Office | TESTLKR0000134 | PRDECT | Welcome! RUFA | TESTLKR0000133 | PRDECT |" time="0"/>
  <testcase name="And user click on shopping cart" classname="| GL617795 | testpw | Global Lifestyle Lanka Head Office | TESTLKR0000134 | PRDECT | Welcome! RUFA | TESTLKR0000133 | PRDECT |" time="0"/>
  <testcase name="And user click on checkout button" classname="| GL617795 | testpw | Global Lifestyle Lanka Head Office | TESTLKR0000134 | PRDECT | Welcome! RUFA | TESTLKR0000133 | PRDECT |" time="0"/>
  <testcase name="And select delivery option and click checkout &quot;Global Lifestyle Lanka Head Office&quot;" classname="| GL617795 | testpw | Global Lifestyle Lanka Head Office | TESTLKR0000134 | PRDECT | Welcome! RUFA | TESTLKR0000133 | PRDECT |" time="0"/>
  <testcase name="And User distribute the BVs and click on countinue" classname="| GL617795 | testpw | Global Lifestyle Lanka Head Office | TESTLKR0000134 | PRDECT | Welcome! RUFA | TESTLKR0000133 | PRDECT |" time="0"/>
  <testcase name="And Enter ecard details &quot;TESTLKR0000134&quot; &quot;PRDECT&quot;" classname="| GL617795 | testpw | Global Lifestyle Lanka Head Office | TESTLKR0000134 | PRDECT | Welcome! RUFA | TESTLKR0000133 | PRDECT |" time="0.013">
    <error message="Timed out after 5 seconds. Element not available&#10;Build info: version: &apos;2.53.1&apos;, revision: &apos;a36b8b1cd5757287168e54b817830adce9b0158d&apos;, time: &apos;2016-06-30 19:26:09&apos;&#10;System info: host: &apos;OsuraLiyanage&apos;, ip: &apos;192.168.1.6&apos;, os.name: &apos;Windows 7&apos;, os.arch: &apos;amd64&apos;, os.version: &apos;6.1&apos;, java.version: &apos;1.8.0_111&apos;&#10;Driver info: driver.version: unknown" type="org.openqa.selenium.ElementNotVisibleException">org.openqa.selenium.ElementNotVisibleException: Timed out after 5 seconds. Element not available
Build info: version: '2.53.1', revision: 'a36b8b1cd5757287168e54b817830adce9b0158d', time: '2016-06-30 19:26:09'
System info: host: 'OsuraLiyanage', ip: '192.168.1.6', os.name: 'Windows 7', os.arch: 'amd64', os.version: '6.1', java.version: '1.8.0_111'
Driver info: driver.version: unknown
	at net.thucydides.core.annotations.locators.SmartAjaxElementLocator.ajaxFindElement(SmartAjaxElementLocator.java:147)
	at net.thucydides.core.annotations.locators.SmartAjaxElementLocator.findElement(SmartAjaxElementLocator.java:102)
	at org.openqa.selenium.support.pagefactory.internal.LocatingElementHandler.invoke(LocatingElementHandler.java:38)
	at com.sun.proxy.$Proxy22.sendKeys(Unknown Source)
	at net.gll.pgobjects.gll.pgobjects.RegistrationPgObjects.enterGLVoucherNum2(RegistrationPgObjects.java:239)
	at net.gll.test.gll.test.steps.Gllsteps.enter_ecard_details(Gllsteps.java:360)
	at ✽.And Enter ecard details "TESTLKR0000134" "PRDECT"(GLL.feature:112)
</error>
  </testcase>
  <testcase name="| GL617795 | testpw | Global Lifestyle Lanka Head Office | TESTLKR0000134 | PRDECT | Welcome! RUFA | TESTLKR0000133 | PRDECT |" classname="| GL617795 | testpw | Global Lifestyle Lanka Head Office | TESTLKR0000134 | PRDECT | Welcome! RUFA | TESTLKR0000133 | PRDECT |" time="0.013">
    <error message="Timed out after 5 seconds. Element not available&#10;Build info: version: &apos;2.53.1&apos;, revision: &apos;a36b8b1cd5757287168e54b817830adce9b0158d&apos;, time: &apos;2016-06-30 19:26:09&apos;&#10;System info: host: &apos;OsuraLiyanage&apos;, ip: &apos;192.168.1.6&apos;, os.name: &apos;Windows 7&apos;, os.arch: &apos;amd64&apos;, os.version: &apos;6.1&apos;, java.version: &apos;1.8.0_111&apos;&#10;Driver info: driver.version: unknown" type="org.openqa.selenium.ElementNotVisibleException">org.openqa.selenium.ElementNotVisibleException: Timed out after 5 seconds. Element not available
Build info: version: '2.53.1', revision: 'a36b8b1cd5757287168e54b817830adce9b0158d', time: '2016-06-30 19:26:09'
System info: host: 'OsuraLiyanage', ip: '192.168.1.6', os.name: 'Windows 7', os.arch: 'amd64', os.version: '6.1', java.version: '1.8.0_111'
Driver info: driver.version: unknown
	at net.thucydides.core.annotations.locators.SmartAjaxElementLocator.ajaxFindElement(SmartAjaxElementLocator.java:147)
	at net.thucydides.core.annotations.locators.SmartAjaxElementLocator.findElement(SmartAjaxElementLocator.java:102)
	at org.openqa.selenium.support.pagefactory.internal.LocatingElementHandler.invoke(LocatingElementHandler.java:38)
	at com.sun.proxy.$Proxy22.sendKeys(Unknown Source)
	at net.gll.pgobjects.gll.pgobjects.RegistrationPgObjects.enterGLVoucherNum2(RegistrationPgObjects.java:239)
	at net.gll.test.gll.test.steps.Gllsteps.enter_ecard_details(Gllsteps.java:360)
	at ✽.And Enter ecard details "TESTLKR0000134" "PRDECT"(GLL.feature:112)
</error>
  </testcase>
  <testcase name="And Enter Ecard two &quot;TESTLKR0000133&quot; &quot;PRDECT&quot;" classname="| GL617795 | testpw | Global Lifestyle Lanka Head Office | TESTLKR0000134 | PRDECT | Welcome! RUFA | TESTLKR0000133 | PRDECT |" time="0">
    <skipped/>
  </testcase>
  <testcase name="And Click on confirm button2" classname="| GL617795 | testpw | Global Lifestyle Lanka Head Office | TESTLKR0000134 | PRDECT | Welcome! RUFA | TESTLKR0000133 | PRDECT |" time="0">
    <skipped/>
  </testcase>
  <testcase name="Then Validate the Auto Login &quot;Welcome! RUFA&quot;" classname="| GL617795 | testpw | Global Lifestyle Lanka Head Office | TESTLKR0000134 | PRDECT | Welcome! RUFA | TESTLKR0000133 | PRDECT |" time="0">
    <skipped/>
  </testcase>
  <testcase name="Given user direct to the site" classname="| GL617795 | testpw | Global Lifestyle Lanka Head Office | TESTLKR0000146 | PRDECT | Welcome! RUFA | TESTLKR0000135 | PRDECT |" time="0"/>
  <testcase name="When user click on Login or Register button" classname="| GL617795 | testpw | Global Lifestyle Lanka Head Office | TESTLKR0000146 | PRDECT | Welcome! RUFA | TESTLKR0000135 | PRDECT |" time="0"/>
  <testcase name="And user enter valid credentials &quot;GL617795&quot; &quot;testpw&quot;" classname="| GL617795 | testpw | Global Lifestyle Lanka Head Office | TESTLKR0000146 | PRDECT | Welcome! RUFA | TESTLKR0000135 | PRDECT |" time="0"/>
  <testcase name="And user click on products tab" classname="| GL617795 | testpw | Global Lifestyle Lanka Head Office | TESTLKR0000146 | PRDECT | Welcome! RUFA | TESTLKR0000135 | PRDECT |" time="0"/>
  <testcase name="And user click on products link" classname="| GL617795 | testpw | Global Lifestyle Lanka Head Office | TESTLKR0000146 | PRDECT | Welcome! RUFA | TESTLKR0000135 | PRDECT |" time="0"/>
  <testcase name="And user add products to the cart" classname="| GL617795 | testpw | Global Lifestyle Lanka Head Office | TESTLKR0000146 | PRDECT | Welcome! RUFA | TESTLKR0000135 | PRDECT |" time="0.001"/>
  <testcase name="And user click on shopping cart" classname="| GL617795 | testpw | Global Lifestyle Lanka Head Office | TESTLKR0000146 | PRDECT | Welcome! RUFA | TESTLKR0000135 | PRDECT |" time="0"/>
  <testcase name="And user click on checkout button" classname="| GL617795 | testpw | Global Lifestyle Lanka Head Office | TESTLKR0000146 | PRDECT | Welcome! RUFA | TESTLKR0000135 | PRDECT |" time="0"/>
  <testcase name="And select delivery option and click checkout &quot;Global Lifestyle Lanka Head Office&quot;" classname="| GL617795 | testpw | Global Lifestyle Lanka Head Office | TESTLKR0000146 | PRDECT | Welcome! RUFA | TESTLKR0000135 | PRDECT |" time="0"/>
  <testcase name="And User distribute the BVs and click on countinue" classname="| GL617795 | testpw | Global Lifestyle Lanka Head Office | TESTLKR0000146 | PRDECT | Welcome! RUFA | TESTLKR0000135 | PRDECT |" time="0"/>
  <testcase name="And Enter ecard details &quot;TESTLKR0000146&quot; &quot;PRDECT&quot;" classname="| GL617795 | testpw | Global Lifestyle Lanka Head Office | TESTLKR0000146 | PRDECT | Welcome! RUFA | TESTLKR0000135 | PRDECT |" time="0.002">
    <error message="Timed out after 5 seconds. Element not available&#10;Build info: version: &apos;2.53.1&apos;, revision: &apos;a36b8b1cd5757287168e54b817830adce9b0158d&apos;, time: &apos;2016-06-30 19:26:09&apos;&#10;System info: host: &apos;OsuraLiyanage&apos;, ip: &apos;192.168.1.6&apos;, os.name: &apos;Windows 7&apos;, os.arch: &apos;amd64&apos;, os.version: &apos;6.1&apos;, java.version: &apos;1.8.0_111&apos;&#10;Driver info: driver.version: unknown" type="org.openqa.selenium.ElementNotVisibleException">org.openqa.selenium.ElementNotVisibleException: Timed out after 5 seconds. Element not available
Build info: version: '2.53.1', revision: 'a36b8b1cd5757287168e54b817830adce9b0158d', time: '2016-06-30 19:26:09'
System info: host: 'OsuraLiyanage', ip: '192.168.1.6', os.name: 'Windows 7', os.arch: 'amd64', os.version: '6.1', java.version: '1.8.0_111'
Driver info: driver.version: unknown
	at net.thucydides.core.annotations.locators.SmartAjaxElementLocator.ajaxFindElement(SmartAjaxElementLocator.java:147)
	at net.thucydides.core.annotations.locators.SmartAjaxElementLocator.findElement(SmartAjaxElementLocator.java:102)
	at org.openqa.selenium.support.pagefactory.internal.LocatingElementHandler.invoke(LocatingElementHandler.java:38)
	at com.sun.proxy.$Proxy22.sendKeys(Unknown Source)
	at net.gll.pgobjects.gll.pgobjects.RegistrationPgObjects.enterGLVoucherNum2(RegistrationPgObjects.java:239)
	at net.gll.test.gll.test.steps.Gllsteps.enter_ecard_details(Gllsteps.java:360)
	at ✽.And Enter ecard details "TESTLKR0000146" "PRDECT"(GLL.feature:134)
</error>
  </testcase>
  <testcase name="| GL617795 | testpw | Global Lifestyle Lanka Head Office | TESTLKR0000146 | PRDECT | Welcome! RUFA | TESTLKR0000135 | PRDECT |" classname="| GL617795 | testpw | Global Lifestyle Lanka Head Office | TESTLKR0000146 | PRDECT | Welcome! RUFA | TESTLKR0000135 | PRDECT |" time="0.003">
    <error message="Timed out after 5 seconds. Element not available&#10;Build info: version: &apos;2.53.1&apos;, revision: &apos;a36b8b1cd5757287168e54b817830adce9b0158d&apos;, time: &apos;2016-06-30 19:26:09&apos;&#10;System info: host: &apos;OsuraLiyanage&apos;, ip: &apos;192.168.1.6&apos;, os.name: &apos;Windows 7&apos;, os.arch: &apos;amd64&apos;, os.version: &apos;6.1&apos;, java.version: &apos;1.8.0_111&apos;&#10;Driver info: driver.version: unknown" type="org.openqa.selenium.ElementNotVisibleException">org.openqa.selenium.ElementNotVisibleException: Timed out after 5 seconds. Element not available
Build info: version: '2.53.1', revision: 'a36b8b1cd5757287168e54b817830adce9b0158d', time: '2016-06-30 19:26:09'
System info: host: 'OsuraLiyanage', ip: '192.168.1.6', os.name: 'Windows 7', os.arch: 'amd64', os.version: '6.1', java.version: '1.8.0_111'
Driver info: driver.version: unknown
	at net.thucydides.core.annotations.locators.SmartAjaxElementLocator.ajaxFindElement(SmartAjaxElementLocator.java:147)
	at net.thucydides.core.annotations.locators.SmartAjaxElementLocator.findElement(SmartAjaxElementLocator.java:102)
	at org.openqa.selenium.support.pagefactory.internal.LocatingElementHandler.invoke(LocatingElementHandler.java:38)
	at com.sun.proxy.$Proxy22.sendKeys(Unknown Source)
	at net.gll.pgobjects.gll.pgobjects.RegistrationPgObjects.enterGLVoucherNum2(RegistrationPgObjects.java:239)
	at net.gll.test.gll.test.steps.Gllsteps.enter_ecard_details(Gllsteps.java:360)
	at ✽.And Enter ecard details "TESTLKR0000146" "PRDECT"(GLL.feature:134)
</error>
  </testcase>
  <testcase name="And Enter Ecard two &quot;TESTLKR0000135&quot; &quot;PRDECT&quot;" classname="| GL617795 | testpw | Global Lifestyle Lanka Head Office | TESTLKR0000146 | PRDECT | Welcome! RUFA | TESTLKR0000135 | PRDECT |" time="0">
    <skipped/>
  </testcase>
  <testcase name="And Click on confirm button2" classname="| GL617795 | testpw | Global Lifestyle Lanka Head Office | TESTLKR0000146 | PRDECT | Welcome! RUFA | TESTLKR0000135 | PRDECT |" time="0">
    <skipped/>
  </testcase>
  <testcase name="Then Validate the Auto Login &quot;Welcome! RUFA&quot;" classname="| GL617795 | testpw | Global Lifestyle Lanka Head Office | TESTLKR0000146 | PRDECT | Welcome! RUFA | TESTLKR0000135 | PRDECT |" time="0">
    <skipped/>
  </testcase>
  <testcase name="Given user direct to the site" classname="| GL617795 |" time="0"/>
  <testcase name="When user click on Login or Register button" classname="| GL617795 |" time="0"/>
  <testcase name="And user click on forgot pwd" classname="| GL617795 |" time="0"/>
  <testcase name="And user enter customer IR ID &quot;GL617795&quot;" classname="| GL617795 |" time="0"/>
  <testcase name="And click on submit button" classname="| GL617795 |" time="0"/>
  <testcase name="Then Click on countinue button" classname="| GL617795 |" time="0"/>
  <testcase name="And Click on Ok button on popup" classname="| GL617795 |" time="0"/>
  <testcase name="| GL617795 |" classname="| GL617795 |" time="2.398"/>
  <testcase name="Given user direct to the site" classname="| GL617795 | Individual | Mr | test | vikass | 1988 | 06 | 12 | English | 94763557189 | Test@135 | Test@135 | test | test | 0000 | MBSL - Savings Bank | Galle | 1596325874 | TESTLKR0000146 | PRDECT | Welcome! TEST VIKASS | osura@vikas.lk | Global Lifestyle Lanka Head Office | TESTLKR0000147 | PRDECT |" time="0"/>
  <testcase name="And user click on products tab" classname="| GL617795 | Individual | Mr | test | vikass | 1988 | 06 | 12 | English | 94763557189 | Test@135 | Test@135 | test | test | 0000 | MBSL - Savings Bank | Galle | 1596325874 | TESTLKR0000146 | PRDECT | Welcome! TEST VIKASS | osura@vikas.lk | Global Lifestyle Lanka Head Office | TESTLKR0000147 | PRDECT |" time="0"/>
  <testcase name="And user click on products link" classname="| GL617795 | Individual | Mr | test | vikass | 1988 | 06 | 12 | English | 94763557189 | Test@135 | Test@135 | test | test | 0000 | MBSL - Savings Bank | Galle | 1596325874 | TESTLKR0000146 | PRDECT | Welcome! TEST VIKASS | osura@vikas.lk | Global Lifestyle Lanka Head Office | TESTLKR0000147 | PRDECT |" time="0"/>
  <testcase name="And user add products to the cart" classname="| GL617795 | Individual | Mr | test | vikass | 1988 | 06 | 12 | English | 94763557189 | Test@135 | Test@135 | test | test | 0000 | MBSL - Savings Bank | Galle | 1596325874 | TESTLKR0000146 | PRDECT | Welcome! TEST VIKASS | osura@vikas.lk | Global Lifestyle Lanka Head Office | TESTLKR0000147 | PRDECT |" time="0"/>
  <testcase name="And user click on shopping cart" classname="| GL617795 | Individual | Mr | test | vikass | 1988 | 06 | 12 | English | 94763557189 | Test@135 | Test@135 | test | test | 0000 | MBSL - Savings Bank | Galle | 1596325874 | TESTLKR0000146 | PRDECT | Welcome! TEST VIKASS | osura@vikas.lk | Global Lifestyle Lanka Head Office | TESTLKR0000147 | PRDECT |" time="0"/>
  <testcase name="And user click on checkout button" classname="| GL617795 | Individual | Mr | test | vikass | 1988 | 06 | 12 | English | 94763557189 | Test@135 | Test@135 | test | test | 0000 | MBSL - Savings Bank | Galle | 1596325874 | TESTLKR0000146 | PRDECT | Welcome! TEST VIKASS | osura@vikas.lk | Global Lifestyle Lanka Head Office | TESTLKR0000147 | PRDECT |" time="0"/>
  <testcase name="And user click on become a Bus Asso" classname="| GL617795 | Individual | Mr | test | vikass | 1988 | 06 | 12 | English | 94763557189 | Test@135 | Test@135 | test | test | 0000 | MBSL - Savings Bank | Galle | 1596325874 | TESTLKR0000146 | PRDECT | Welcome! TEST VIKASS | osura@vikas.lk | Global Lifestyle Lanka Head Office | TESTLKR0000147 | PRDECT |" time="0"/>
  <testcase name="And user select registration type &quot;Individual&quot;" classname="| GL617795 | Individual | Mr | test | vikass | 1988 | 06 | 12 | English | 94763557189 | Test@135 | Test@135 | test | test | 0000 | MBSL - Savings Bank | Galle | 1596325874 | TESTLKR0000146 | PRDECT | Welcome! TEST VIKASS | osura@vikas.lk | Global Lifestyle Lanka Head Office | TESTLKR0000147 | PRDECT |" time="0"/>
  <testcase name="And user enter referrer ir id &quot;GL617795&quot;" classname="| GL617795 | Individual | Mr | test | vikass | 1988 | 06 | 12 | English | 94763557189 | Test@135 | Test@135 | test | test | 0000 | MBSL - Savings Bank | Galle | 1596325874 | TESTLKR0000146 | PRDECT | Welcome! TEST VIKASS | osura@vikas.lk | Global Lifestyle Lanka Head Office | TESTLKR0000147 | PRDECT |" time="0"/>
  <testcase name="And user enter name &quot;Mr&quot; &quot;test&quot; &quot;vikass&quot;" classname="| GL617795 | Individual | Mr | test | vikass | 1988 | 06 | 12 | English | 94763557189 | Test@135 | Test@135 | test | test | 0000 | MBSL - Savings Bank | Galle | 1596325874 | TESTLKR0000146 | PRDECT | Welcome! TEST VIKASS | osura@vikas.lk | Global Lifestyle Lanka Head Office | TESTLKR0000147 | PRDECT |" time="0"/>
  <testcase name="And user select date of birth &quot;1988&quot; &quot;06&quot; &quot;12&quot;" classname="| GL617795 | Individual | Mr | test | vikass | 1988 | 06 | 12 | English | 94763557189 | Test@135 | Test@135 | test | test | 0000 | MBSL - Savings Bank | Galle | 1596325874 | TESTLKR0000146 | PRDECT | Welcome! TEST VIKASS | osura@vikas.lk | Global Lifestyle Lanka Head Office | TESTLKR0000147 | PRDECT |" time="0"/>
  <testcase name="And user select language &quot;English&quot;" classname="| GL617795 | Individual | Mr | test | vikass | 1988 | 06 | 12 | English | 94763557189 | Test@135 | Test@135 | test | test | 0000 | MBSL - Savings Bank | Galle | 1596325874 | TESTLKR0000146 | PRDECT | Welcome! TEST VIKASS | osura@vikas.lk | Global Lifestyle Lanka Head Office | TESTLKR0000147 | PRDECT |" time="0"/>
  <testcase name="And user enter mobile phone no &quot;94763557189&quot;" classname="| GL617795 | Individual | Mr | test | vikass | 1988 | 06 | 12 | English | 94763557189 | Test@135 | Test@135 | test | test | 0000 | MBSL - Savings Bank | Galle | 1596325874 | TESTLKR0000146 | PRDECT | Welcome! TEST VIKASS | osura@vikas.lk | Global Lifestyle Lanka Head Office | TESTLKR0000147 | PRDECT |" time="0"/>
  <testcase name="And user enter PWD &quot;Test@135&quot; &quot;Test@135&quot;" classname="| GL617795 | Individual | Mr | test | vikass | 1988 | 06 | 12 | English | 94763557189 | Test@135 | Test@135 | test | test | 0000 | MBSL - Savings Bank | Galle | 1596325874 | TESTLKR0000146 | PRDECT | Welcome! TEST VIKASS | osura@vikas.lk | Global Lifestyle Lanka Head Office | TESTLKR0000147 | PRDECT |" time="0"/>
  <testcase name="And user enter Address &quot;test&quot; &quot;test&quot; &quot;0000&quot;" classname="| GL617795 | Individual | Mr | test | vikass | 1988 | 06 | 12 | English | 94763557189 | Test@135 | Test@135 | test | test | 0000 | MBSL - Savings Bank | Galle | 1596325874 | TESTLKR0000146 | PRDECT | Welcome! TEST VIKASS | osura@vikas.lk | Global Lifestyle Lanka Head Office | TESTLKR0000147 | PRDECT |" time="0"/>
  <testcase name="And user enter bank details &quot;MBSL - Savings Bank&quot; &quot;Galle&quot; &quot;1596325874&quot; &quot;osura@vikas.lk&quot;" classname="| GL617795 | Individual | Mr | test | vikass | 1988 | 06 | 12 | English | 94763557189 | Test@135 | Test@135 | test | test | 0000 | MBSL - Savings Bank | Galle | 1596325874 | TESTLKR0000146 | PRDECT | Welcome! TEST VIKASS | osura@vikas.lk | Global Lifestyle Lanka Head Office | TESTLKR0000147 | PRDECT |" time="0"/>
  <testcase name="Then Accept terms" classname="| GL617795 | Individual | Mr | test | vikass | 1988 | 06 | 12 | English | 94763557189 | Test@135 | Test@135 | test | test | 0000 | MBSL - Savings Bank | Galle | 1596325874 | TESTLKR0000146 | PRDECT | Welcome! TEST VIKASS | osura@vikas.lk | Global Lifestyle Lanka Head Office | TESTLKR0000147 | PRDECT |" time="0"/>
  <testcase name="And select delivery option kit &quot;Global Lifestyle Lanka Head Office&quot;" classname="| GL617795 | Individual | Mr | test | vikass | 1988 | 06 | 12 | English | 94763557189 | Test@135 | Test@135 | test | test | 0000 | MBSL - Savings Bank | Galle | 1596325874 | TESTLKR0000146 | PRDECT | Welcome! TEST VIKASS | osura@vikas.lk | Global Lifestyle Lanka Head Office | TESTLKR0000147 | PRDECT |" time="0"/>
  <testcase name="And User distribute the BVs and click on countinue" classname="| GL617795 | Individual | Mr | test | vikass | 1988 | 06 | 12 | English | 94763557189 | Test@135 | Test@135 | test | test | 0000 | MBSL - Savings Bank | Galle | 1596325874 | TESTLKR0000146 | PRDECT | Welcome! TEST VIKASS | osura@vikas.lk | Global Lifestyle Lanka Head Office | TESTLKR0000147 | PRDECT |" time="0"/>
  <testcase name="And Enter ecard details &quot;TESTLKR0000146&quot; &quot;PRDECT&quot;" classname="| GL617795 | Individual | Mr | test | vikass | 1988 | 06 | 12 | English | 94763557189 | Test@135 | Test@135 | test | test | 0000 | MBSL - Savings Bank | Galle | 1596325874 | TESTLKR0000146 | PRDECT | Welcome! TEST VIKASS | osura@vikas.lk | Global Lifestyle Lanka Head Office | TESTLKR0000147 | PRDECT |" time="0"/>
  <testcase name="And Enter Ecard two &quot;TESTLKR0000147&quot; &quot;PRDECT&quot;" classname="| GL617795 | Individual | Mr | test | vikass | 1988 | 06 | 12 | English | 94763557189 | Test@135 | Test@135 | test | test | 0000 | MBSL - Savings Bank | Galle | 1596325874 | TESTLKR0000146 | PRDECT | Welcome! TEST VIKASS | osura@vikas.lk | Global Lifestyle Lanka Head Office | TESTLKR0000147 | PRDECT |" time="0"/>
  <testcase name="And Click on confirm button2" classname="| GL617795 | Individual | Mr | test | vikass | 1988 | 06 | 12 | English | 94763557189 | Test@135 | Test@135 | test | test | 0000 | MBSL - Savings Bank | Galle | 1596325874 | TESTLKR0000146 | PRDECT | Welcome! TEST VIKASS | osura@vikas.lk | Global Lifestyle Lanka Head Office | TESTLKR0000147 | PRDECT |" time="0"/>
  <testcase name="Then Validate the Auto Login &quot;Welcome! TEST VIKASS&quot;" classname="| GL617795 | Individual | Mr | test | vikass | 1988 | 06 | 12 | English | 94763557189 | Test@135 | Test@135 | test | test | 0000 | MBSL - Savings Bank | Galle | 1596325874 | TESTLKR0000146 | PRDECT | Welcome! TEST VIKASS | osura@vikas.lk | Global Lifestyle Lanka Head Office | TESTLKR0000147 | PRDECT |" time="0"/>
  <testcase name="| GL617795 | Individual | Mr | test | vikass | 1988 | 06 | 12 | English | 94763557189 | Test@135 | Test@135 | test | test | 0000 | MBSL - Savings Bank | Galle | 1596325874 | TESTLKR0000146 | PRDECT | Welcome! TEST VIKASS | osura@vikas.lk | Global Lifestyle Lanka Head Office | TESTLKR0000147 | PRDECT |" classname="| GL617795 | Individual | Mr | test | vikass | 1988 | 06 | 12 | English | 94763557189 | Test@135 | Test@135 | test | test | 0000 | MBSL - Savings Bank | Galle | 1596325874 | TESTLKR0000146 | PRDECT | Welcome! TEST VIKASS | osura@vikas.lk | Global Lifestyle Lanka Head Office | TESTLKR0000147 | PRDECT |" time="3.766"/>
  <testcase name="Given user direct to the site" classname="| GL617795 | testpw | https://portal.glifestyle.net/VO2GLL/#/DashBoard |" time="0"/>
  <testcase name="When user click on Login or Register button" classname="| GL617795 | testpw | https://portal.glifestyle.net/VO2GLL/#/DashBoard |" time="0"/>
  <testcase name="And user enter valid credentials &quot;GL617795&quot; &quot;testpw&quot;" classname="| GL617795 | testpw | https://portal.glifestyle.net/VO2GLL/#/DashBoard |" time="0.004"/>
  <testcase name="Then click on virtual office link" classname="| GL617795 | testpw | https://portal.glifestyle.net/VO2GLL/#/DashBoard |" time="0"/>
  <testcase name="And user direct to the VO page &quot;https://portal.glifestyle.net/VO2GLL/#/DashBoard&quot;" classname="| GL617795 | testpw | https://portal.glifestyle.net/VO2GLL/#/DashBoard |" time="0"/>
  <testcase name="| GL617795 | testpw | https://portal.glifestyle.net/VO2GLL/#/DashBoard |" classname="| GL617795 | testpw | https://portal.glifestyle.net/VO2GLL/#/DashBoard |" time="1.318"/>
</testsuite>