<?xml version="1.0" encoding="UTF-8"?><testsuite errors="0" failures="2" name="GLL smoke test" skipped="0" tests="3" time="331.61" timestamp="2017-04-108 11:06:45"><testcase name="Test case 14"/><testcase name="Test case 13"><failure message="Validate the Auto Login expected:&lt;Welcome! T[RENTA ABRIL]&gt; but was:&lt;Welcome! T[EST VIKASS]&gt;" type="java.lang.AssertionError">Validate the Auto Login expected:&lt;Welcome! T[RENTA ABRIL]&gt; but was:&lt;Welcome! T[EST VIKASS]&gt;</failure><system-err>Validate the Auto Login expected:&lt;Welcome! T[RENTA ABRIL]&gt; but was:&lt;Welcome! T[EST VIKASS]&gt;&#13;
junit.framework.Assert.assertEquals(Assert.java:100)&#13;
net.gll.test.gll.test.steps.Gllsteps.validate_the_Auto_Login(Gllsteps.java:221)&#13;
✽.Then Validate the Auto Login "Welcome! TRENTA ABRIL"(GLLPre-Production.feature:220)&#13;
</system-err></testcase><testcase name="Test case 16"><failure message="Validate VO2 Page expected:&lt;https://portal.[glifestyle.net/VO2GLL/#/DashBoard]&gt; but was:&lt;https://portal.[myqweb.biz/VO2GLLNS4S/Home/Redirect?key=aSd6MrPC3GYkuag8qrGtB0jhnOm2VPAkQDLuSkA0V6NumOPEKeKIRbAc5X%2fEuw2jqitJJfGawqIMvRP6hbwYQb1fN4RwTlkwQ%2f3lqHt%2bRX0JUqaeD%2f9ST9mEC%2fV3w6y955e504bf&amp;token=eyJ0eXAiOiJKV1QiLCJhbGciOiJIUzI1NiJ9.eyJ1bmlxdWVfbmFtZSI6IkdMMTAyMjIzIiwibmFtZWlkIjoiNDY1NzQiLCJodHRwOi8vc2NoZW1hcy5taWNyb3NvZnQuY29tL3dzLzIwMDgvMDYvaWRlbnRpdHkvY2xhaW1zL3VzZXJkYXRhIjoiIiwiaXNzIjoidXJuOnFuZXQuY29tIiwiYXVkIjoiaHR0cDovL3FuZXQuY29tL2F1dGhvcml6YXRpb24iLCJleHAiOjE0OTI0OTc2OTgsIm5iZiI6MTQ5MjQ5NDA5OH0.9ZZYCdG2-HJeHkKuay2zCWlGrF75pUUF7ztLluvMetY#/Login]&gt;" type="java.lang.AssertionError">Validate VO2 Page expected:&lt;https://portal.[glifestyle.net/VO2GLL/#/DashBoard]&gt; but was:&lt;https://portal.[myqweb.biz/VO2GLLNS4S/Home/Redirect?key=aSd6MrPC3GYkuag8qrGtB0jhnOm2VPAkQDLuSkA0V6NumOPEKeKIRbAc5X%2fEuw2jqitJJfGawqIMvRP6hbwYQb1fN4RwTlkwQ%2f3lqHt%2bRX0JUqaeD%2f9ST9mEC%2fV3w6y955e504bf&amp;token=eyJ0eXAiOiJKV1QiLCJhbGciOiJIUzI1NiJ9.eyJ1bmlxdWVfbmFtZSI6IkdMMTAyMjIzIiwibmFtZWlkIjoiNDY1NzQiLCJodHRwOi8vc2NoZW1hcy5taWNyb3NvZnQuY29tL3dzLzIwMDgvMDYvaWRlbnRpdHkvY2xhaW1zL3VzZXJkYXRhIjoiIiwiaXNzIjoidXJuOnFuZXQuY29tIiwiYXVkIjoiaHR0cDovL3FuZXQuY29tL2F1dGhvcml6YXRpb24iLCJleHAiOjE0OTI0OTc2OTgsIm5iZiI6MTQ5MjQ5NDA5OH0.9ZZYCdG2-HJeHkKuay2zCWlGrF75pUUF7ztLluvMetY#/Login]&gt;</failure><system-err>Validate VO2 Page expected:&lt;https://portal.[glifestyle.net/VO2GLL/#/DashBoard]&gt; but was:&lt;https://portal.[myqweb.biz/VO2GLLNS4S/Home/Redirect?key=aSd6MrPC3GYkuag8qrGtB0jhnOm2VPAkQDLuSkA0V6NumOPEKeKIRbAc5X%2fEuw2jqitJJfGawqIMvRP6hbwYQb1fN4RwTlkwQ%2f3lqHt%2bRX0JUqaeD%2f9ST9mEC%2fV3w6y955e504bf&amp;token=eyJ0eXAiOiJKV1QiLCJhbGciOiJIUzI1NiJ9.eyJ1bmlxdWVfbmFtZSI6IkdMMTAyMjIzIiwibmFtZWlkIjoiNDY1NzQiLCJodHRwOi8vc2NoZW1hcy5taWNyb3NvZnQuY29tL3dzLzIwMDgvMDYvaWRlbnRpdHkvY2xhaW1zL3VzZXJkYXRhIjoiIiwiaXNzIjoidXJuOnFuZXQuY29tIiwiYXVkIjoiaHR0cDovL3FuZXQuY29tL2F1dGhvcml6YXRpb24iLCJleHAiOjE0OTI0OTc2OTgsIm5iZiI6MTQ5MjQ5NDA5OH0.9ZZYCdG2-HJeHkKuay2zCWlGrF75pUUF7ztLluvMetY#/Login]&gt;&#13;
junit.framework.Assert.assertEquals(Assert.java:100)&#13;
net.gll.test.gll.test.steps.Gllsteps.user_direct_to_the_VO_page(Gllsteps.java:453)&#13;
✽.And user direct to the VO page "https://portal.glifestyle.net/VO2GLL/#/DashBoard"(GLLPre-Production.feature:233)&#13;
</system-err></testcase></testsuite>