<?xml version="1.0" encoding="UTF-8"?><testsuite errors="4" failures="0" name="GLL smoke test" skipped="0" tests="10" time="851.44" timestamp="2017-04-108 11:16:58"><testcase name="Test case 01, 02, 03, 04"/><testcase name="Test case 05"/><testcase name="Test case 06"/><testcase name="Test case 07"/><testcase name="Test case 14"/><testcase name="Test case 08"><error message="Could not instantiate new webdriver instance of type class org.openqa.selenium.firefox.FirefoxDriver (Failed to connect to binary FirefoxBinary(C:\Program Files (x86)\Mozilla Firefox\firefox.exe) on port 7055; process output follows: &#10;persky Protection&quot;,&quot;description&quot;:&quot;à¸�à¸²à¸£à¸›à¹‰à¸­à¸‡à¸�à¸±à¸™à¸—à¸²à¸‡à¸­à¸´à¸™à¹€à¸—à¸­à¸£à¹Œà¹€à¸™à¹‡à¸•à¸ªà¸³à¸«à¸£à¸±à¸šà¸„à¸¸à¸“à¸”à¹‰à¸§à¸¢à¸ªà¹ˆà¸§à¸™à¸‚à¸¢à¸²à¸¢à¸ˆà¸²à¸� Kaspersky Lab&quot;,&quot;creator&quot;:null,&quot;homepageURL&quot;:null},{&quot;locales&quot;:[&quot;tr&quot;],&quot;name&quot;:&quot;Kaspersky Protection&quot;,&quot;description&quot;:&quot;Kaspersky Lab uzantÄ±sÄ±yla Ä°nternet Ã¼zerindeki korumanÄ±z&quot;,&quot;creator&quot;:null,&quot;homepageURL&quot;:null},{&quot;locales&quot;:[&quot;uk&quot;],&quot;name&quot;:&quot;Kaspersky Protection&quot;,&quot;description&quot;:&quot;Ð’Ð°Ñˆ Ð·Ð°Ñ…Ð¸Ñ�Ñ‚ Ð² Ð†Ð½Ñ‚ÐµÑ€Ð½ÐµÑ‚Ñ– Ð· Ñ€Ð¾Ð·ÑˆÐ¸Ñ€ÐµÐ½Ð½Ñ�Ð¼ Ð²Ñ–Ð´ \&quot;Ð›Ð°Ð±Ð¾Ñ€Ð°Ñ‚Ð¾Ñ€Ñ–Ñ— ÐšÐ°Ñ�Ð¿ÐµÑ€Ñ�ÑŒÐºÐ¾Ð³Ð¾\&quot;&quot;,&quot;creator&quot;:null,&quot;homepageURL&quot;:null},{&quot;locales&quot;:[&quot;vi&quot;],&quot;name&quot;:&quot;Kaspersky Protection&quot;,&quot;description&quot;:&quot;BaÌ‰o vÃªÌ£ baÌ£n trÃªn Internet vÆ¡Ì�i phÃ¢Ì€n mÆ¡Ì‰ rÃ´Ì£ng tÆ°Ì€ Kaspersky Lab&quot;,&quot;creator&quot;:null,&quot;homepageURL&quot;:null},{&quot;locales&quot;:[&quot;zh-CN&quot;],&quot;name&quot;:&quot;å�¡å·´æ–¯åŸºä¿�æŠ¤&quot;,&quot;description&quot;:&quot;ä½¿ç”¨ Kaspersky Lab çš„æ‰©å±•åŠŸèƒ½å¯¹æ‚¨çš„äº’è�”ç½‘çš„ä¿�æŠ¤ã€‚&quot;,&quot;creator&quot;:null,&quot;homepageURL&quot;:null},{&quot;locales&quot;:[&quot;zh-HK&quot;],&quot;name&quot;:&quot;å�¡å·´æ–¯åŸºé˜²è­·&quot;,&quot;description&quot;:&quot;ä½¿ç”¨ Kaspersky Lab çš„å»¶ä¼¸åŠŸèƒ½å°�æ‚¨çš„ç¶²éš›ç¶²è·¯çš„é˜²è­·ã€‚&quot;,&quot;creator&quot;:null,&quot;homepageURL&quot;:null},{&quot;locales&quot;:[&quot;zh-TW&quot;],&quot;name&quot;:&quot;å�¡å·´æ–¯åŸºé˜²è­·&quot;,&quot;description&quot;:&quot;ä½¿ç”¨ Kaspersky Lab çš„å»¶ä¼¸åŠŸèƒ½å°�æ‚¨çš„ç¶²éš›ç¶²è·¯çš„é˜²è­·ã€‚&quot;,&quot;creator&quot;:null,&quot;homepageURL&quot;:null},{&quot;locales&quot;:[&quot;zh_CN&quot;],&quot;name&quot;:&quot;å�¡å·´æ–¯åŸºä¿�æŠ¤&quot;,&quot;description&quot;:&quot;ä½¿ç”¨ Kaspersky Lab çš„æ‰©å±•åŠŸèƒ½å¯¹æ‚¨çš„äº’è�”ç½‘çš„ä¿�æŠ¤ã€‚&quot;,&quot;creator&quot;:null,&quot;homepageURL&quot;:null},{&quot;locales&quot;:[&quot;zh_HK&quot;],&quot;name&quot;:&quot;å�¡å·´æ–¯åŸºé˜²è­·&quot;,&quot;description&quot;:&quot;ä½¿ç”¨ Kaspersky Lab çš„å»¶ä¼¸åŠŸèƒ½å°�æ‚¨çš„ç¶²éš›ç¶²è·¯çš„é˜²è­·ã€‚&quot;,&quot;creator&quot;:null,&quot;homepageURL&quot;:null},{&quot;locales&quot;:[&quot;zh_TW&quot;],&quot;name&quot;:&quot;å�¡å·´æ–¯åŸºé˜²è­·&quot;,&quot;description&quot;:&quot;ä½¿ç”¨ Kaspersky Lab çš„å»¶ä¼¸åŠŸèƒ½å°�æ‚¨çš„ç¶²éš›ç¶²è·¯çš„é˜²è­·ã€‚&quot;,&quot;creator&quot;:null,&quot;homepageURL&quot;:null}],&quot;targetApplications&quot;:[{&quot;id&quot;:&quot;{ec8030f7-c20a-464f-9b0e-13a3a9e97384}&quot;,&quot;minVersion&quot;:&quot;38.0a1&quot;,&quot;maxVersion&quot;:&quot;43.0&quot;}],&quot;targetPlatforms&quot;:[],&quot;multiprocessCompatible&quot;:false}&#13;&#10;1492495153381&#9;addons.xpi&#9;DEBUG&#9;Updating database with changes to installed add-ons&#13;&#10;1492495153381&#9;addons.xpi-utils&#9;DEBUG&#9;Updating add-on states&#13;&#10;1492495153382&#9;addons.xpi-utils&#9;DEBUG&#9;Writing add-ons list&#13;&#10;1492495153383&#9;addons.manager&#9;DEBUG&#9;Registering shutdown blocker for XPIProvider&#13;&#10;1492495153384&#9;addons.manager&#9;DEBUG&#9;Provider finished startup: XPIProvider&#13;&#10;1492495153384&#9;addons.manager&#9;DEBUG&#9;Starting provider: LightweightThemeManager&#13;&#10;1492495153384&#9;addons.manager&#9;DEBUG&#9;Registering shutdown blocker for LightweightThemeManager&#13;&#10;1492495153384&#9;addons.manager&#9;DEBUG&#9;Provider finished startup: LightweightThemeManager&#13;&#10;1492495153384&#9;addons.manager&#9;DEBUG&#9;Starting provider: GMPProvider&#13;&#10;1492495153388&#9;addons.manager&#9;DEBUG&#9;Registering shutdown blocker for GMPProvider&#13;&#10;1492495153389&#9;addons.manager&#9;DEBUG&#9;Provider finished startup: GMPProvider&#13;&#10;1492495153389&#9;addons.manager&#9;DEBUG&#9;Starting provider: PluginProvider&#13;&#10;1492495153389&#9;addons.manager&#9;DEBUG&#9;Registering shutdown blocker for PluginProvider&#13;&#10;1492495153389&#9;addons.manager&#9;DEBUG&#9;Provider finished startup: PluginProvider&#13;&#10;1492495153389&#9;addons.manager&#9;DEBUG&#9;Completed startup sequence&#13;&#10;1492495153615&#9;DeferredSave.extensions.json&#9;DEBUG&#9;Starting timer&#13;&#10;1492495153652&#9;DeferredSave.extensions.json&#9;DEBUG&#9;Starting write&#13;&#10;1492495153794&#9;DeferredSave.extensions.json&#9;DEBUG&#9;Write succeeded&#13;&#10;1492495153794&#9;addons.xpi-utils&#9;DEBUG&#9;XPI Database saved, setting schema version preference to 16&#13;&#10;1492495176581&#9;addons.manager&#9;DEBUG&#9;Starting provider: &lt;unnamed-provider&gt;&#13;&#10;1492495176581&#9;addons.manager&#9;DEBUG&#9;Registering shutdown blocker for &lt;unnamed-provider&gt;&#13;&#10;1492495176582&#9;addons.manager&#9;DEBUG&#9;Provider finished startup: &lt;unnamed-provider&gt;&#13;&#10;JavaScript error: resource://gre/components/nsUrlClassifierListManager.js, line 75: NS_ERROR_XPC_GS_RETURNED_FAILURE: Component returned failure code: 0x80570016 (NS_ERROR_XPC_GS_RETURNED_FAILURE) [nsIJSCID.getService]&#13;&#10;JavaScript error: resource://gre/components/nsUrlClassifierListManager.js, line 75: NS_ERROR_XPC_GS_RETURNED_FAILURE: Component returned failure code: 0x80570016 (NS_ERROR_XPC_GS_RETURNED_FAILURE) [nsIJSCID.getService]&#13;&#10;&#10;Build info: version: '2.53.1', revision: 'a36b8b1cd5757287168e54b817830adce9b0158d', time: '2016-06-30 19:26:09'&#10;System info: host: 'OsuraLiyanage', ip: '192.168.1.4', os.name: 'Windows 7', os.arch: 'amd64', os.version: '6.1', java.version: '1.8.0_111'&#10;Driver info: driver.version: FirefoxDriver" type="net.thucydides.core.webdriver.UnsupportedDriverException">Could not instantiate new webdriver instance of type class org.openqa.selenium.firefox.FirefoxDriver (Failed to connect to binary FirefoxBinary(C:\Program Files (x86)\Mozilla Firefox\firefox.exe) on port 7055; process output follows: 
persky Protection","description":"à¸�à¸²à¸£à¸›à¹‰à¸­à¸‡à¸�à¸±à¸™à¸—à¸²à¸‡à¸­à¸´à¸™à¹€à¸—à¸­à¸£à¹Œà¹€à¸™à¹‡à¸•à¸ªà¸³à¸«à¸£à¸±à¸šà¸„à¸¸à¸“à¸”à¹‰à¸§à¸¢à¸ªà¹ˆà¸§à¸™à¸‚à¸¢à¸²à¸¢à¸ˆà¸²à¸� Kaspersky Lab","creator":null,"homepageURL":null},{"locales":["tr"],"name":"Kaspersky Protection","description":"Kaspersky Lab uzantÄ±sÄ±yla Ä°nternet Ã¼zerindeki korumanÄ±z","creator":null,"homepageURL":null},{"locales":["uk"],"name":"Kaspersky Protection","description":"Ð’Ð°Ñˆ Ð·Ð°Ñ…Ð¸Ñ�Ñ‚ Ð² Ð†Ð½Ñ‚ÐµÑ€Ð½ÐµÑ‚Ñ– Ð· Ñ€Ð¾Ð·ÑˆÐ¸Ñ€ÐµÐ½Ð½Ñ�Ð¼ Ð²Ñ–Ð´ \"Ð›Ð°Ð±Ð¾Ñ€Ð°Ñ‚Ð¾Ñ€Ñ–Ñ— ÐšÐ°Ñ�Ð¿ÐµÑ€Ñ�ÑŒÐºÐ¾Ð³Ð¾\"","creator":null,"homepageURL":null},{"locales":["vi"],"name":"Kaspersky Protection","description":"BaÌ‰o vÃªÌ£ baÌ£n trÃªn Internet vÆ¡Ì�i phÃ¢Ì€n mÆ¡Ì‰ rÃ´Ì£ng tÆ°Ì€ Kaspersky Lab","creator":null,"homepageURL":null},{"locales":["zh-CN"],"name":"å�¡å·´æ–¯åŸºä¿�æŠ¤","description":"ä½¿ç”¨ Kaspersky Lab çš„æ‰©å±•åŠŸèƒ½å¯¹æ‚¨çš„äº’è�”ç½‘çš„ä¿�æŠ¤ã€‚","creator":null,"homepageURL":null},{"locales":["zh-HK"],"name":"å�¡å·´æ–¯åŸºé˜²è­·","description":"ä½¿ç”¨ Kaspersky Lab çš„å»¶ä¼¸åŠŸèƒ½å°�æ‚¨çš„ç¶²éš›ç¶²è·¯çš„é˜²è­·ã€‚","creator":null,"homepageURL":null},{"locales":["zh-TW"],"name":"å�¡å·´æ–¯åŸºé˜²è­·","description":"ä½¿ç”¨ Kaspersky Lab çš„å»¶ä¼¸åŠŸèƒ½å°�æ‚¨çš„ç¶²éš›ç¶²è·¯çš„é˜²è­·ã€‚","creator":null,"homepageURL":null},{"locales":["zh_CN"],"name":"å�¡å·´æ–¯åŸºä¿�æŠ¤","description":"ä½¿ç”¨ Kaspersky Lab çš„æ‰©å±•åŠŸèƒ½å¯¹æ‚¨çš„äº’è�”ç½‘çš„ä¿�æŠ¤ã€‚","creator":null,"homepageURL":null},{"locales":["zh_HK"],"name":"å�¡å·´æ–¯åŸºé˜²è­·","description":"ä½¿ç”¨ Kaspersky Lab çš„å»¶ä¼¸åŠŸèƒ½å°�æ‚¨çš„ç¶²éš›ç¶²è·¯çš„é˜²è­·ã€‚","creator":null,"homepageURL":null},{"locales":["zh_TW"],"name":"å�¡å·´æ–¯åŸºé˜²è­·","description":"ä½¿ç”¨ Kaspersky Lab çš„å»¶ä¼¸åŠŸèƒ½å°�æ‚¨çš„ç¶²éš›ç¶²è·¯çš„é˜²è­·ã€‚","creator":null,"homepageURL":null}],"targetApplications":[{"id":"{ec8030f7-c20a-464f-9b0e-13a3a9e97384}","minVersion":"38.0a1","maxVersion":"43.0"}],"targetPlatforms":[],"multiprocessCompatible":false}&#13;
1492495153381	addons.xpi	DEBUG	Updating database with changes to installed add-ons&#13;
1492495153381	addons.xpi-utils	DEBUG	Updating add-on states&#13;
1492495153382	addons.xpi-utils	DEBUG	Writing add-ons list&#13;
1492495153383	addons.manager	DEBUG	Registering shutdown blocker for XPIProvider&#13;
1492495153384	addons.manager	DEBUG	Provider finished startup: XPIProvider&#13;
1492495153384	addons.manager	DEBUG	Starting provider: LightweightThemeManager&#13;
1492495153384	addons.manager	DEBUG	Registering shutdown blocker for LightweightThemeManager&#13;
1492495153384	addons.manager	DEBUG	Provider finished startup: LightweightThemeManager&#13;
1492495153384	addons.manager	DEBUG	Starting provider: GMPProvider&#13;
1492495153388	addons.manager	DEBUG	Registering shutdown blocker for GMPProvider&#13;
1492495153389	addons.manager	DEBUG	Provider finished startup: GMPProvider&#13;
1492495153389	addons.manager	DEBUG	Starting provider: PluginProvider&#13;
1492495153389	addons.manager	DEBUG	Registering shutdown blocker for PluginProvider&#13;
1492495153389	addons.manager	DEBUG	Provider finished startup: PluginProvider&#13;
1492495153389	addons.manager	DEBUG	Completed startup sequence&#13;
1492495153615	DeferredSave.extensions.json	DEBUG	Starting timer&#13;
1492495153652	DeferredSave.extensions.json	DEBUG	Starting write&#13;
1492495153794	DeferredSave.extensions.json	DEBUG	Write succeeded&#13;
1492495153794	addons.xpi-utils	DEBUG	XPI Database saved, setting schema version preference to 16&#13;
1492495176581	addons.manager	DEBUG	Starting provider: &lt;unnamed-provider&gt;&#13;
1492495176581	addons.manager	DEBUG	Registering shutdown blocker for &lt;unnamed-provider&gt;&#13;
1492495176582	addons.manager	DEBUG	Provider finished startup: &lt;unnamed-provider&gt;&#13;
JavaScript error: resource://gre/components/nsUrlClassifierListManager.js, line 75: NS_ERROR_XPC_GS_RETURNED_FAILURE: Component returned failure code: 0x80570016 (NS_ERROR_XPC_GS_RETURNED_FAILURE) [nsIJSCID.getService]&#13;
JavaScript error: resource://gre/components/nsUrlClassifierListManager.js, line 75: NS_ERROR_XPC_GS_RETURNED_FAILURE: Component returned failure code: 0x80570016 (NS_ERROR_XPC_GS_RETURNED_FAILURE) [nsIJSCID.getService]&#13;

Build info: version: '2.53.1', revision: 'a36b8b1cd5757287168e54b817830adce9b0158d', time: '2016-06-30 19:26:09'
System info: host: 'OsuraLiyanage', ip: '192.168.1.4', os.name: 'Windows 7', os.arch: 'amd64', os.version: '6.1', java.version: '1.8.0_111'
Driver info: driver.version: FirefoxDriver</error><system-err>Could not instantiate new webdriver instance of type class org.openqa.selenium.firefox.FirefoxDriver (Failed to connect to binary FirefoxBinary(C:\Program Files (x86)\Mozilla Firefox\firefox.exe) on port 7055; process output follows: 
persky Protection","description":"à¸�à¸²à¸£à¸›à¹‰à¸­à¸‡à¸�à¸±à¸™à¸—à¸²à¸‡à¸­à¸´à¸™à¹€à¸—à¸­à¸£à¹Œà¹€à¸™à¹‡à¸•à¸ªà¸³à¸«à¸£à¸±à¸šà¸„à¸¸à¸“à¸”à¹‰à¸§à¸¢à¸ªà¹ˆà¸§à¸™à¸‚à¸¢à¸²à¸¢à¸ˆà¸²à¸� Kaspersky Lab","creator":null,"homepageURL":null},{"locales":["tr"],"name":"Kaspersky Protection","description":"Kaspersky Lab uzantÄ±sÄ±yla Ä°nternet Ã¼zerindeki korumanÄ±z","creator":null,"homepageURL":null},{"locales":["uk"],"name":"Kaspersky Protection","description":"Ð’Ð°Ñˆ Ð·Ð°Ñ…Ð¸Ñ�Ñ‚ Ð² Ð†Ð½Ñ‚ÐµÑ€Ð½ÐµÑ‚Ñ– Ð· Ñ€Ð¾Ð·ÑˆÐ¸Ñ€ÐµÐ½Ð½Ñ�Ð¼ Ð²Ñ–Ð´ \"Ð›Ð°Ð±Ð¾Ñ€Ð°Ñ‚Ð¾Ñ€Ñ–Ñ— ÐšÐ°Ñ�Ð¿ÐµÑ€Ñ�ÑŒÐºÐ¾Ð³Ð¾\"","creator":null,"homepageURL":null},{"locales":["vi"],"name":"Kaspersky Protection","description":"BaÌ‰o vÃªÌ£ baÌ£n trÃªn Internet vÆ¡Ì�i phÃ¢Ì€n mÆ¡Ì‰ rÃ´Ì£ng tÆ°Ì€ Kaspersky Lab","creator":null,"homepageURL":null},{"locales":["zh-CN"],"name":"å�¡å·´æ–¯åŸºä¿�æŠ¤","description":"ä½¿ç”¨ Kaspersky Lab çš„æ‰©å±•åŠŸèƒ½å¯¹æ‚¨çš„äº’è�”ç½‘çš„ä¿�æŠ¤ã€‚","creator":null,"homepageURL":null},{"locales":["zh-HK"],"name":"å�¡å·´æ–¯åŸºé˜²è­·","description":"ä½¿ç”¨ Kaspersky Lab çš„å»¶ä¼¸åŠŸèƒ½å°�æ‚¨çš„ç¶²éš›ç¶²è·¯çš„é˜²è­·ã€‚","creator":null,"homepageURL":null},{"locales":["zh-TW"],"name":"å�¡å·´æ–¯åŸºé˜²è­·","description":"ä½¿ç”¨ Kaspersky Lab çš„å»¶ä¼¸åŠŸèƒ½å°�æ‚¨çš„ç¶²éš›ç¶²è·¯çš„é˜²è­·ã€‚","creator":null,"homepageURL":null},{"locales":["zh_CN"],"name":"å�¡å·´æ–¯åŸºä¿�æŠ¤","description":"ä½¿ç”¨ Kaspersky Lab çš„æ‰©å±•åŠŸèƒ½å¯¹æ‚¨çš„äº’è�”ç½‘çš„ä¿�æŠ¤ã€‚","creator":null,"homepageURL":null},{"locales":["zh_HK"],"name":"å�¡å·´æ–¯åŸºé˜²è­·","description":"ä½¿ç”¨ Kaspersky Lab çš„å»¶ä¼¸åŠŸèƒ½å°�æ‚¨çš„ç¶²éš›ç¶²è·¯çš„é˜²è­·ã€‚","creator":null,"homepageURL":null},{"locales":["zh_TW"],"name":"å�¡å·´æ–¯åŸºé˜²è­·","description":"ä½¿ç”¨ Kaspersky Lab çš„å»¶ä¼¸åŠŸèƒ½å°�æ‚¨çš„ç¶²éš›ç¶²è·¯çš„é˜²è­·ã€‚","creator":null,"homepageURL":null}],"targetApplications":[{"id":"{ec8030f7-c20a-464f-9b0e-13a3a9e97384}","minVersion":"38.0a1","maxVersion":"43.0"}],"targetPlatforms":[],"multiprocessCompatible":false}&#13;
1492495153381	addons.xpi	DEBUG	Updating database with changes to installed add-ons&#13;
1492495153381	addons.xpi-utils	DEBUG	Updating add-on states&#13;
1492495153382	addons.xpi-utils	DEBUG	Writing add-ons list&#13;
1492495153383	addons.manager	DEBUG	Registering shutdown blocker for XPIProvider&#13;
1492495153384	addons.manager	DEBUG	Provider finished startup: XPIProvider&#13;
1492495153384	addons.manager	DEBUG	Starting provider: LightweightThemeManager&#13;
1492495153384	addons.manager	DEBUG	Registering shutdown blocker for LightweightThemeManager&#13;
1492495153384	addons.manager	DEBUG	Provider finished startup: LightweightThemeManager&#13;
1492495153384	addons.manager	DEBUG	Starting provider: GMPProvider&#13;
1492495153388	addons.manager	DEBUG	Registering shutdown blocker for GMPProvider&#13;
1492495153389	addons.manager	DEBUG	Provider finished startup: GMPProvider&#13;
1492495153389	addons.manager	DEBUG	Starting provider: PluginProvider&#13;
1492495153389	addons.manager	DEBUG	Registering shutdown blocker for PluginProvider&#13;
1492495153389	addons.manager	DEBUG	Provider finished startup: PluginProvider&#13;
1492495153389	addons.manager	DEBUG	Completed startup sequence&#13;
1492495153615	DeferredSave.extensions.json	DEBUG	Starting timer&#13;
1492495153652	DeferredSave.extensions.json	DEBUG	Starting write&#13;
1492495153794	DeferredSave.extensions.json	DEBUG	Write succeeded&#13;
1492495153794	addons.xpi-utils	DEBUG	XPI Database saved, setting schema version preference to 16&#13;
1492495176581	addons.manager	DEBUG	Starting provider: &lt;unnamed-provider&gt;&#13;
1492495176581	addons.manager	DEBUG	Registering shutdown blocker for &lt;unnamed-provider&gt;&#13;
1492495176582	addons.manager	DEBUG	Provider finished startup: &lt;unnamed-provider&gt;&#13;
JavaScript error: resource://gre/components/nsUrlClassifierListManager.js, line 75: NS_ERROR_XPC_GS_RETURNED_FAILURE: Component returned failure code: 0x80570016 (NS_ERROR_XPC_GS_RETURNED_FAILURE) [nsIJSCID.getService]&#13;
JavaScript error: resource://gre/components/nsUrlClassifierListManager.js, line 75: NS_ERROR_XPC_GS_RETURNED_FAILURE: Component returned failure code: 0x80570016 (NS_ERROR_XPC_GS_RETURNED_FAILURE) [nsIJSCID.getService]&#13;

Build info: version: '2.53.1', revision: 'a36b8b1cd5757287168e54b817830adce9b0158d', time: '2016-06-30 19:26:09'
System info: host: 'OsuraLiyanage', ip: '192.168.1.4', os.name: 'Windows 7', os.arch: 'amd64', os.version: '6.1', java.version: '1.8.0_111'
Driver info: driver.version: FirefoxDriver&#13;
net.gll.test.gll.test.steps.Gllsteps.user_direct_to_the_staging_site(Gllsteps.java:51)&#13;
</system-err></testcase><testcase name="Test case 09"><error message="net.gll.pgobjects.gll.pgobjects.HomePgObjects.getItemValue()I" type="java.lang.NoSuchMethodError">net.gll.pgobjects.gll.pgobjects.HomePgObjects.getItemValue()I</error><system-err>net.gll.pgobjects.gll.pgobjects.HomePgObjects.getItemValue()I&#13;
net.gll.test.gll.test.steps.Gllsteps.remove_Items_from_cart(Gllsteps.java:458)&#13;
✽.And remove Items from cart(GLLPre-Production.feature:127)&#13;
</system-err></testcase><testcase name="Test case 14"><error type="net.serenitybdd.core.exceptions.UnrecognisedException"/><system-err>null&#13;
org.apache.http.impl.conn.DefaultHttpClientConnectionOperator.connect(DefaultHttpClientConnectionOperator.java:158)&#13;
org.apache.http.impl.conn.PoolingHttpClientConnectionManager.connect(PoolingHttpClientConnectionManager.java:353)&#13;
org.apache.http.impl.execchain.MainClientExec.establishRoute(MainClientExec.java:380)&#13;
org.apache.http.impl.execchain.MainClientExec.execute(MainClientExec.java:236)&#13;
org.apache.http.impl.execchain.ProtocolExec.execute(ProtocolExec.java:184)&#13;
org.apache.http.impl.execchain.RetryExec.execute(RetryExec.java:88)&#13;
org.apache.http.impl.execchain.RedirectExec.execute(RedirectExec.java:110)&#13;
org.apache.http.impl.client.InternalHttpClient.doExecute(InternalHttpClient.java:184)&#13;
org.apache.http.impl.client.CloseableHttpClient.execute(CloseableHttpClient.java:71)&#13;
org.apache.http.impl.client.CloseableHttpClient.execute(CloseableHttpClient.java:55)&#13;
net.gll.test.gll.test.steps.Gllsteps.user_direct_to_the_staging_site(Gllsteps.java:51)&#13;
</system-err></testcase><testcase name="Test case 13"><error type="net.serenitybdd.core.exceptions.UnrecognisedException"/><system-err>null&#13;
org.apache.http.impl.conn.DefaultHttpClientConnectionOperator.connect(DefaultHttpClientConnectionOperator.java:158)&#13;
org.apache.http.impl.conn.PoolingHttpClientConnectionManager.connect(PoolingHttpClientConnectionManager.java:353)&#13;
org.apache.http.impl.execchain.MainClientExec.establishRoute(MainClientExec.java:380)&#13;
org.apache.http.impl.execchain.MainClientExec.execute(MainClientExec.java:236)&#13;
org.apache.http.impl.execchain.ProtocolExec.execute(ProtocolExec.java:184)&#13;
org.apache.http.impl.execchain.RetryExec.execute(RetryExec.java:88)&#13;
org.apache.http.impl.execchain.RedirectExec.execute(RedirectExec.java:110)&#13;
org.apache.http.impl.client.InternalHttpClient.doExecute(InternalHttpClient.java:184)&#13;
org.apache.http.impl.client.CloseableHttpClient.execute(CloseableHttpClient.java:71)&#13;
org.apache.http.impl.client.CloseableHttpClient.execute(CloseableHttpClient.java:55)&#13;
net.gll.test.gll.test.steps.Gllsteps.user_add_products_to_the_cart(Gllsteps.java:293)&#13;
</system-err></testcase></testsuite>